# JRE version: Java(TM) SE Runtime Environment (25.0+37) (build 25+37-LTS-3491)
# Java VM: Java HotSpot(TM) 64-Bit Server VM (25+37-LTS-3491, mixed mode, sharing, tiered, compressed oops, compressed class ptrs, g1 gc, windows-amd64)
GC Precious Log:
 CardTable entry size: 512
 Card Set container configuration: InlinePtr #cards 5 size 8 Array Of Cards #cards 10 size 36 Howl #buckets 4 coarsen threshold 1843 Howl Bitmap #cards 512 size 80 coarsen threshold 460 Card regions per heap region 1 cards per card region 2048
 CPUs: 16 total, 16 available
 Memory: 15791M
 Large Page Support: Disabled
 NUMA Support: Disabled
 Compressed Oops: Enabled (32-bit)
 Heap Region Size: 1M
 Heap Min Capacity: 8M
 Heap Initial Capacity: 248M
 Heap Max Capacity: 1G
 Pre-touch: Disabled
 Parallel Workers: 13
 Concurrent Workers: 3
 Concurrent Refinement Workers: 13
 Periodic GC: Disabled
Heap:
 garbage-first heap   total reserved 1048576K, committed 156672K, used 95246K [0x00000000c0000000, 0x0000000100000000)
  region size 1024K, 21 young (21504K), 6 survivors (6144K)
GC Heap Usage History (20 events):
Event: 5600.238 {heap Before GC invocations=37 (full 0):
 garbage-first heap   total reserved 1048576K, committed 146432K, used 133464K [0x00000000c0000000, 0x0000000100000000)
  region size 1024K, 57 young (58368K), 2 survivors (2048K)
}
Event: 5600.248 {heap After GC invocations=38 (full 0):
 garbage-first heap   total reserved 1048576K, committed 146432K, used 84615K [0x00000000c0000000, 0x0000000100000000)
  region size 1024K, 8 young (8192K), 8 survivors (8192K)
}
Event: 5603.413 {heap Before GC invocations=38 (full 0):
 garbage-first heap   total reserved 1048576K, committed 146432K, used 132743K [0x00000000c0000000, 0x0000000100000000)
  region size 1024K, 56 young (57344K), 8 survivors (8192K)
}
Event: 5603.420 {heap After GC invocations=39 (full 0):
 garbage-first heap   total reserved 1048576K, committed 146432K, used 88540K [0x00000000c0000000, 0x0000000100000000)
  region size 1024K, 5 young (5120K), 5 survivors (5120K)
}
Event: 6044.969 {heap Before GC invocations=40 (full 0):
 garbage-first heap   total reserved 1048576K, committed 148480K, used 133596K [0x00000000c0000000, 0x0000000100000000)
  region size 1024K, 50 young (51200K), 5 survivors (5120K)
}
Event: 6044.992 {heap After GC invocations=41 (full 0):
 garbage-first heap   total reserved 1048576K, committed 148480K, used 90154K [0x00000000c0000000, 0x0000000100000000)
  region size 1024K, 3 young (3072K), 3 survivors (3072K)
}
Event: 6046.850 {heap Before GC invocations=41 (full 0):
 garbage-first heap   total reserved 1048576K, committed 148480K, used 136234K [0x00000000c0000000, 0x0000000100000000)
  region size 1024K, 49 young (50176K), 3 survivors (3072K)
}
Event: 6046.883 {heap After GC invocations=42 (full 0):
 garbage-first heap   total reserved 1048576K, committed 154624K, used 86702K [0x00000000c0000000, 0x0000000100000000)
  region size 1024K, 7 young (7168K), 7 survivors (7168K)
}
Event: 6205.000 {heap Before GC invocations=42 (full 0):
 garbage-first heap   total reserved 1048576K, committed 154624K, used 139950K [0x00000000c0000000, 0x0000000100000000)
  region size 1024K, 60 young (61440K), 7 survivors (7168K)
}
Event: 6205.015 {heap After GC invocations=43 (full 0):
 garbage-first heap   total reserved 1048576K, committed 154624K, used 88735K [0x00000000c0000000, 0x0000000100000000)
  region size 1024K, 4 young (4096K), 4 survivors (4096K)
}
Event: 6207.016 {heap Before GC invocations=44 (full 0):
 garbage-first heap   total reserved 1048576K, committed 154624K, used 139935K [0x00000000c0000000, 0x0000000100000000)
  region size 1024K, 55 young (56320K), 4 survivors (4096K)
}
Event: 6207.020 {heap After GC invocations=45 (full 0):
 garbage-first heap   total reserved 1048576K, committed 154624K, used 92470K [0x00000000c0000000, 0x0000000100000000)
  region size 1024K, 7 young (7168K), 7 survivors (7168K)
}
Event: 6442.984 {heap Before GC invocations=45 (full 0):
 garbage-first heap   total reserved 1048576K, committed 154624K, used 140598K [0x00000000c0000000, 0x0000000100000000)
  region size 1024K, 55 young (56320K), 7 survivors (7168K)
}
Event: 6443.011 {heap After GC invocations=46 (full 0):
 garbage-first heap   total reserved 1048576K, committed 155648K, used 80737K [0x00000000c0000000, 0x0000000100000000)
  region size 1024K, 2 young (2048K), 2 survivors (2048K)
}
Event: 6445.385 {heap Before GC invocations=46 (full 0):
 garbage-first heap   total reserved 1048576K, committed 155648K, used 141153K [0x00000000c0000000, 0x0000000100000000)
  region size 1024K, 62 young (63488K), 2 survivors (2048K)
}
Event: 6445.393 {heap After GC invocations=47 (full 0):
 garbage-first heap   total reserved 1048576K, committed 155648K, used 85848K [0x00000000c0000000, 0x0000000100000000)
  region size 1024K, 7 young (7168K), 7 survivors (7168K)
}
Event: 6579.499 {heap Before GC invocations=48 (full 0):
 garbage-first heap   total reserved 1048576K, committed 155648K, used 141144K [0x00000000c0000000, 0x0000000100000000)
  region size 1024K, 62 young (63488K), 7 survivors (7168K)
}
Event: 6579.505 {heap After GC invocations=49 (full 0):
 garbage-first heap   total reserved 1048576K, committed 155648K, used 84317K [0x00000000c0000000, 0x0000000100000000)
  region size 1024K, 5 young (5120K), 5 survivors (5120K)
}
Event: 6580.743 {heap Before GC invocations=49 (full 0):
 garbage-first heap   total reserved 1048576K, committed 155648K, used 139613K [0x00000000c0000000, 0x0000000100000000)
  region size 1024K, 60 young (61440K), 5 survivors (5120K)
}
Event: 6580.751 {heap After GC invocations=50 (full 0):
 garbage-first heap   total reserved 1048576K, committed 156672K, used 81934K [0x00000000c0000000, 0x0000000100000000)
  region size 1024K, 6 young (6144K), 6 survivors (6144K)
}

